{"/Users/timofej/Documents/Old documents/Documents/Study/FrontEnd/12/Проектная работа/stellar-burgers/src/services/rootReducer.ts": {"path":"/Users/timofej/Documents/Old documents/Documents/Study/FrontEnd/12/Проектная работа/stellar-burgers/src/services/rootReducer.ts","statementMap":{"0":{"start":{"line":1,"column":0},"end":{"line":1,"column":51}},"1":{"start":{"line":2,"column":0},"end":{"line":2,"column":63}},"2":{"start":{"line":3,"column":0},"end":{"line":3,"column":49}},"3":{"start":{"line":4,"column":0},"end":{"line":4,"column":67}},"4":{"start":{"line":5,"column":0},"end":{"line":5,"column":49}},"5":{"start":{"line":6,"column":0},"end":{"line":6,"column":63}},"6":{"start":{"line":7,"column":0},"end":{"line":7,"column":51}},"7":{"start":{"line":9,"column":13},"end":{"line":16,"column":3}}},"fnMap":{},"branchMap":{},"s":{"0":1,"1":1,"2":1,"3":1,"4":1,"5":1,"6":1,"7":1},"f":{},"b":{}}
,"/Users/timofej/Documents/Old documents/Documents/Study/FrontEnd/12/Проектная работа/stellar-burgers/src/services/slices/authSlice.ts": {"path":"/Users/timofej/Documents/Old documents/Documents/Study/FrontEnd/12/Проектная работа/stellar-burgers/src/services/slices/authSlice.ts","statementMap":{"0":{"start":{"line":1,"column":0},"end":{"line":1,"column":65}},"1":{"start":{"line":2,"column":0},"end":{"line":2,"column":null}},"2":{"start":{"line":11,"column":0},"end":{"line":11,"column":72}},"3":{"start":{"line":23,"column":33},"end":{"line":29,"column":2}},"4":{"start":{"line":31,"column":24},"end":{"line":32,"column":7}},"5":{"start":{"line":32,"column":2},"end":{"line":32,"column":52}},"6":{"start":{"line":34,"column":13},"end":{"line":46,"column":2}},"7":{"start":{"line":36,"column":47},"end":{"line":36,"column":49}},"8":{"start":{"line":38,"column":18},"end":{"line":38,"column":null}},"9":{"start":{"line":38,"column":12},"end":{"line":38,"column":null}},"10":{"start":{"line":39,"column":6},"end":{"line":39,"column":61}},"11":{"start":{"line":40,"column":6},"end":{"line":40,"column":48}},"12":{"start":{"line":41,"column":6},"end":{"line":41,"column":22}},"13":{"start":{"line":43,"column":6},"end":{"line":43,"column":73}},"14":{"start":{"line":48,"column":13},"end":{"line":60,"column":2}},"15":{"start":{"line":50,"column":44},"end":{"line":50,"column":46}},"16":{"start":{"line":52,"column":18},"end":{"line":52,"column":null}},"17":{"start":{"line":52,"column":12},"end":{"line":52,"column":null}},"18":{"start":{"line":53,"column":6},"end":{"line":53,"column":61}},"19":{"start":{"line":54,"column":6},"end":{"line":54,"column":48}},"20":{"start":{"line":55,"column":6},"end":{"line":55,"column":22}},"21":{"start":{"line":57,"column":6},"end":{"line":57,"column":67}},"22":{"start":{"line":62,"column":13},"end":{"line":77,"column":2}},"23":{"start":{"line":64,"column":29},"end":{"line":64,"column":31}},"24":{"start":{"line":66,"column":6},"end":{"line":68,"column":7}},"25":{"start":{"line":67,"column":8},"end":{"line":67,"column":20}},"26":{"start":{"line":69,"column":18},"end":{"line":69,"column":null}},"27":{"start":{"line":69,"column":12},"end":{"line":69,"column":null}},"28":{"start":{"line":70,"column":6},"end":{"line":70,"column":22}},"29":{"start":{"line":72,"column":6},"end":{"line":74,"column":8}},"30":{"start":{"line":79,"column":13},"end":{"line":89,"column":2}},"31":{"start":{"line":81,"column":56},"end":{"line":81,"column":58}},"32":{"start":{"line":83,"column":18},"end":{"line":83,"column":null}},"33":{"start":{"line":83,"column":12},"end":{"line":83,"column":null}},"34":{"start":{"line":84,"column":6},"end":{"line":84,"column":22}},"35":{"start":{"line":86,"column":6},"end":{"line":86,"column":80}},"36":{"start":{"line":91,"column":13},"end":{"line":102,"column":2}},"37":{"start":{"line":93,"column":29},"end":{"line":93,"column":31}},"38":{"start":{"line":95,"column":6},"end":{"line":95,"column":24}},"39":{"start":{"line":96,"column":6},"end":{"line":96,"column":46}},"40":{"start":{"line":97,"column":6},"end":{"line":97,"column":34}},"41":{"start":{"line":99,"column":6},"end":{"line":99,"column":68}},"42":{"start":{"line":104,"column":18},"end":{"line":188,"column":2}},"43":{"start":{"line":109,"column":4},"end":{"line":186,"column":9}},"44":{"start":{"line":111,"column":8},"end":{"line":111,"column":31}},"45":{"start":{"line":112,"column":8},"end":{"line":112,"column":27}},"46":{"start":{"line":115,"column":8},"end":{"line":115,"column":32}},"47":{"start":{"line":116,"column":8},"end":{"line":116,"column":36}},"48":{"start":{"line":117,"column":8},"end":{"line":117,"column":37}},"49":{"start":{"line":118,"column":8},"end":{"line":118,"column":35}},"50":{"start":{"line":121,"column":8},"end":{"line":121,"column":32}},"51":{"start":{"line":122,"column":8},"end":{"line":122,"column":69}},"52":{"start":{"line":123,"column":8},"end":{"line":123,"column":35}},"53":{"start":{"line":127,"column":8},"end":{"line":127,"column":31}},"54":{"start":{"line":128,"column":8},"end":{"line":128,"column":27}},"55":{"start":{"line":131,"column":8},"end":{"line":131,"column":32}},"56":{"start":{"line":132,"column":8},"end":{"line":132,"column":36}},"57":{"start":{"line":133,"column":8},"end":{"line":133,"column":37}},"58":{"start":{"line":134,"column":8},"end":{"line":134,"column":35}},"59":{"start":{"line":137,"column":8},"end":{"line":137,"column":32}},"60":{"start":{"line":138,"column":8},"end":{"line":138,"column":69}},"61":{"start":{"line":139,"column":8},"end":{"line":139,"column":35}},"62":{"start":{"line":143,"column":8},"end":{"line":143,"column":31}},"63":{"start":{"line":144,"column":8},"end":{"line":144,"column":27}},"64":{"start":{"line":147,"column":8},"end":{"line":147,"column":32}},"65":{"start":{"line":148,"column":8},"end":{"line":148,"column":36}},"66":{"start":{"line":149,"column":8},"end":{"line":149,"column":49}},"67":{"start":{"line":150,"column":8},"end":{"line":150,"column":35}},"68":{"start":{"line":153,"column":8},"end":{"line":153,"column":32}},"69":{"start":{"line":154,"column":8},"end":{"line":154,"column":26}},"70":{"start":{"line":155,"column":8},"end":{"line":155,"column":38}},"71":{"start":{"line":156,"column":8},"end":{"line":156,"column":35}},"72":{"start":{"line":157,"column":8},"end":{"line":157,"column":69}},"73":{"start":{"line":161,"column":8},"end":{"line":161,"column":31}},"74":{"start":{"line":162,"column":8},"end":{"line":162,"column":27}},"75":{"start":{"line":165,"column":8},"end":{"line":165,"column":32}},"76":{"start":{"line":166,"column":8},"end":{"line":166,"column":36}},"77":{"start":{"line":169,"column":8},"end":{"line":169,"column":32}},"78":{"start":{"line":170,"column":8},"end":{"line":170,"column":69}},"79":{"start":{"line":174,"column":8},"end":{"line":174,"column":31}},"80":{"start":{"line":175,"column":8},"end":{"line":175,"column":27}},"81":{"start":{"line":178,"column":8},"end":{"line":178,"column":32}},"82":{"start":{"line":179,"column":8},"end":{"line":179,"column":26}},"83":{"start":{"line":180,"column":8},"end":{"line":180,"column":38}},"84":{"start":{"line":181,"column":8},"end":{"line":181,"column":35}},"85":{"start":{"line":184,"column":8},"end":{"line":184,"column":32}},"86":{"start":{"line":185,"column":8},"end":{"line":185,"column":69}},"87":{"start":{"line":190,"column":13},"end":{"line":190,"column":45}},"88":{"start":{"line":192,"column":26},"end":{"line":192,"column":53}},"89":{"start":{"line":192,"column":48},"end":{"line":192,"column":64}},"90":{"start":{"line":192,"column":13},"end":{"line":192,"column":26}},"91":{"start":{"line":193,"column":37},"end":{"line":194,"column":7}},"92":{"start":{"line":194,"column":2},"end":{"line":194,"column":29}},"93":{"start":{"line":193,"column":13},"end":{"line":193,"column":37}},"94":{"start":{"line":195,"column":35},"end":{"line":196,"column":7}},"95":{"start":{"line":196,"column":2},"end":{"line":196,"column":27}},"96":{"start":{"line":195,"column":13},"end":{"line":195,"column":35}},"97":{"start":{"line":197,"column":33},"end":{"line":197,"column":60}},"98":{"start":{"line":197,"column":55},"end":{"line":197,"column":76}},"99":{"start":{"line":197,"column":13},"end":{"line":197,"column":33}},"100":{"start":{"line":198,"column":31},"end":{"line":198,"column":58}},"101":{"start":{"line":198,"column":53},"end":{"line":198,"column":70}},"102":{"start":{"line":198,"column":13},"end":{"line":198,"column":31}}},"fnMap":{"0":{"name":"(anonymous_13)","decl":{"start":{"line":31,"column":24},"end":{"line":31,"column":25}},"loc":{"start":{"line":31,"column":57},"end":{"line":32,"column":7}}},"1":{"name":"(anonymous_14)","decl":{"start":{"line":36,"column":2},"end":{"line":36,"column":9}},"loc":{"start":{"line":36,"column":49},"end":{"line":45,"column":null}}},"2":{"name":"(anonymous_17)","decl":{"start":{"line":50,"column":2},"end":{"line":50,"column":9}},"loc":{"start":{"line":50,"column":46},"end":{"line":59,"column":null}}},"3":{"name":"(anonymous_20)","decl":{"start":{"line":64,"column":2},"end":{"line":64,"column":9}},"loc":{"start":{"line":64,"column":31},"end":{"line":76,"column":null}}},"4":{"name":"(anonymous_23)","decl":{"start":{"line":81,"column":2},"end":{"line":81,"column":9}},"loc":{"start":{"line":81,"column":58},"end":{"line":88,"column":null}}},"5":{"name":"(anonymous_26)","decl":{"start":{"line":93,"column":2},"end":{"line":93,"column":9}},"loc":{"start":{"line":93,"column":31},"end":{"line":101,"column":null}}},"6":{"name":"(anonymous_29)","decl":{"start":{"line":108,"column":17},"end":{"line":108,"column":18}},"loc":{"start":{"line":108,"column":25},"end":{"line":187,"column":3}}},"7":{"name":"(anonymous_30)","decl":{"start":{"line":110,"column":37},"end":{"line":110,"column":38}},"loc":{"start":{"line":110,"column":43},"end":{"line":113,"column":7}}},"8":{"name":"(anonymous_31)","decl":{"start":{"line":114,"column":39},"end":{"line":114,"column":40}},"loc":{"start":{"line":114,"column":53},"end":{"line":119,"column":7}}},"9":{"name":"(anonymous_32)","decl":{"start":{"line":120,"column":38},"end":{"line":120,"column":39}},"loc":{"start":{"line":120,"column":52},"end":{"line":124,"column":7}}},"10":{"name":"(anonymous_33)","decl":{"start":{"line":126,"column":34},"end":{"line":126,"column":35}},"loc":{"start":{"line":126,"column":40},"end":{"line":129,"column":7}}},"11":{"name":"(anonymous_34)","decl":{"start":{"line":130,"column":36},"end":{"line":130,"column":37}},"loc":{"start":{"line":130,"column":50},"end":{"line":135,"column":7}}},"12":{"name":"(anonymous_35)","decl":{"start":{"line":136,"column":35},"end":{"line":136,"column":36}},"loc":{"start":{"line":136,"column":49},"end":{"line":140,"column":7}}},"13":{"name":"(anonymous_36)","decl":{"start":{"line":142,"column":34},"end":{"line":142,"column":35}},"loc":{"start":{"line":142,"column":40},"end":{"line":145,"column":7}}},"14":{"name":"(anonymous_37)","decl":{"start":{"line":146,"column":36},"end":{"line":146,"column":37}},"loc":{"start":{"line":146,"column":50},"end":{"line":151,"column":7}}},"15":{"name":"(anonymous_38)","decl":{"start":{"line":152,"column":35},"end":{"line":152,"column":36}},"loc":{"start":{"line":152,"column":49},"end":{"line":158,"column":7}}},"16":{"name":"(anonymous_39)","decl":{"start":{"line":160,"column":35},"end":{"line":160,"column":36}},"loc":{"start":{"line":160,"column":41},"end":{"line":163,"column":7}}},"17":{"name":"(anonymous_40)","decl":{"start":{"line":164,"column":37},"end":{"line":164,"column":38}},"loc":{"start":{"line":164,"column":51},"end":{"line":167,"column":7}}},"18":{"name":"(anonymous_41)","decl":{"start":{"line":168,"column":36},"end":{"line":168,"column":37}},"loc":{"start":{"line":168,"column":50},"end":{"line":171,"column":7}}},"19":{"name":"(anonymous_42)","decl":{"start":{"line":173,"column":35},"end":{"line":173,"column":36}},"loc":{"start":{"line":173,"column":41},"end":{"line":176,"column":7}}},"20":{"name":"(anonymous_43)","decl":{"start":{"line":177,"column":37},"end":{"line":177,"column":38}},"loc":{"start":{"line":177,"column":43},"end":{"line":182,"column":7}}},"21":{"name":"(anonymous_44)","decl":{"start":{"line":183,"column":36},"end":{"line":183,"column":37}},"loc":{"start":{"line":183,"column":50},"end":{"line":186,"column":7}}},"22":{"name":"(anonymous_45)","decl":{"start":{"line":192,"column":26},"end":{"line":192,"column":27}},"loc":{"start":{"line":192,"column":43},"end":{"line":192,"column":53}}},"23":{"name":"(anonymous_46)","decl":{"start":{"line":193,"column":37},"end":{"line":193,"column":38}},"loc":{"start":{"line":193,"column":54},"end":{"line":194,"column":7}}},"24":{"name":"(anonymous_47)","decl":{"start":{"line":195,"column":35},"end":{"line":195,"column":36}},"loc":{"start":{"line":195,"column":52},"end":{"line":196,"column":7}}},"25":{"name":"(anonymous_48)","decl":{"start":{"line":197,"column":33},"end":{"line":197,"column":34}},"loc":{"start":{"line":197,"column":50},"end":{"line":197,"column":60}}},"26":{"name":"(anonymous_49)","decl":{"start":{"line":198,"column":31},"end":{"line":198,"column":32}},"loc":{"start":{"line":198,"column":48},"end":{"line":198,"column":58}}}},"branchMap":{"0":{"loc":{"start":{"line":32,"column":2},"end":{"line":32,"column":51}},"type":"cond-expr","locations":[{"start":{"line":32,"column":27},"end":{"line":32,"column":40}},{"start":{"line":32,"column":43},"end":{"line":32,"column":51}}]},"1":{"loc":{"start":{"line":66,"column":6},"end":{"line":68,"column":7}},"type":"if","locations":[{"start":{"line":66,"column":6},"end":{"line":68,"column":7}}]},"2":{"loc":{"start":{"line":66,"column":10},"end":{"line":66,"column":76}},"type":"binary-expr","locations":[{"start":{"line":66,"column":10},"end":{"line":66,"column":35}},{"start":{"line":66,"column":39},"end":{"line":66,"column":76}}]},"3":{"loc":{"start":{"line":122,"column":29},"end":{"line":122,"column":67}},"type":"binary-expr","locations":[{"start":{"line":122,"column":29},"end":{"line":122,"column":43}},{"start":{"line":122,"column":47},"end":{"line":122,"column":67}}]},"4":{"loc":{"start":{"line":138,"column":29},"end":{"line":138,"column":67}},"type":"binary-expr","locations":[{"start":{"line":138,"column":29},"end":{"line":138,"column":43}},{"start":{"line":138,"column":47},"end":{"line":138,"column":67}}]},"5":{"loc":{"start":{"line":157,"column":29},"end":{"line":157,"column":67}},"type":"binary-expr","locations":[{"start":{"line":157,"column":29},"end":{"line":157,"column":43}},{"start":{"line":157,"column":47},"end":{"line":157,"column":67}}]},"6":{"loc":{"start":{"line":170,"column":29},"end":{"line":170,"column":67}},"type":"binary-expr","locations":[{"start":{"line":170,"column":29},"end":{"line":170,"column":43}},{"start":{"line":170,"column":47},"end":{"line":170,"column":67}}]},"7":{"loc":{"start":{"line":185,"column":29},"end":{"line":185,"column":67}},"type":"binary-expr","locations":[{"start":{"line":185,"column":29},"end":{"line":185,"column":43}},{"start":{"line":185,"column":47},"end":{"line":185,"column":67}}]}},"s":{"0":1,"1":1,"2":1,"3":1,"4":1,"5":0,"6":1,"7":0,"8":0,"9":0,"10":0,"11":0,"12":0,"13":0,"14":1,"15":0,"16":0,"17":0,"18":0,"19":0,"20":0,"21":0,"22":1,"23":0,"24":0,"25":0,"26":0,"27":0,"28":0,"29":0,"30":1,"31":0,"32":0,"33":0,"34":0,"35":0,"36":1,"37":0,"38":0,"39":0,"40":0,"41":0,"42":1,"43":1,"44":0,"45":0,"46":0,"47":0,"48":0,"49":0,"50":0,"51":0,"52":0,"53":0,"54":0,"55":0,"56":0,"57":0,"58":0,"59":0,"60":0,"61":0,"62":0,"63":0,"64":0,"65":0,"66":0,"67":0,"68":0,"69":0,"70":0,"71":0,"72":0,"73":0,"74":0,"75":0,"76":0,"77":0,"78":0,"79":0,"80":0,"81":0,"82":0,"83":0,"84":0,"85":0,"86":0,"87":1,"88":1,"89":0,"90":1,"91":1,"92":0,"93":1,"94":1,"95":0,"96":1,"97":1,"98":0,"99":1,"100":1,"101":0,"102":1},"f":{"0":0,"1":0,"2":0,"3":0,"4":0,"5":0,"6":1,"7":0,"8":0,"9":0,"10":0,"11":0,"12":0,"13":0,"14":0,"15":0,"16":0,"17":0,"18":0,"19":0,"20":0,"21":0,"22":0,"23":0,"24":0,"25":0,"26":0},"b":{"0":[0,0],"1":[0],"2":[0,0],"3":[0,0],"4":[0,0],"5":[0,0],"6":[0,0],"7":[0,0]}}
,"/Users/timofej/Documents/Old documents/Documents/Study/FrontEnd/12/Проектная работа/stellar-burgers/src/services/slices/constructorSlice.ts": {"path":"/Users/timofej/Documents/Old documents/Documents/Study/FrontEnd/12/Проектная работа/stellar-burgers/src/services/slices/constructorSlice.ts","statementMap":{"0":{"start":{"line":1,"column":0},"end":{"line":1,"column":62}},"1":{"start":{"line":2,"column":0},"end":{"line":2,"column":36}},"2":{"start":{"line":12,"column":40},"end":{"line":15,"column":2}},"3":{"start":{"line":17,"column":25},"end":{"line":58,"column":2}},"4":{"start":{"line":22,"column":6},"end":{"line":25,"column":7}},"5":{"start":{"line":23,"column":8},"end":{"line":23,"column":35}},"6":{"start":{"line":24,"column":8},"end":{"line":24,"column":15}},"7":{"start":{"line":27,"column":6},"end":{"line":30,"column":9}},"8":{"start":{"line":33,"column":6},"end":{"line":35,"column":8}},"9":{"start":{"line":34,"column":18},"end":{"line":34,"column":null}},"10":{"start":{"line":38,"column":20},"end":{"line":38,"column":34}},"11":{"start":{"line":39,"column":6},"end":{"line":39,"column":66}},"12":{"start":{"line":39,"column":59},"end":{"line":39,"column":66}},"13":{"start":{"line":41,"column":19},"end":{"line":41,"column":47}},"14":{"start":{"line":42,"column":6},"end":{"line":42,"column":62}},"15":{"start":{"line":43,"column":6},"end":{"line":43,"column":38}},"16":{"start":{"line":46,"column":20},"end":{"line":46,"column":34}},"17":{"start":{"line":47,"column":6},"end":{"line":47,"column":69}},"18":{"start":{"line":47,"column":62},"end":{"line":47,"column":69}},"19":{"start":{"line":49,"column":19},"end":{"line":49,"column":47}},"20":{"start":{"line":50,"column":6},"end":{"line":50,"column":62}},"21":{"start":{"line":51,"column":6},"end":{"line":51,"column":38}},"22":{"start":{"line":54,"column":6},"end":{"line":54,"column":23}},"23":{"start":{"line":55,"column":6},"end":{"line":55,"column":29}},"24":{"start":{"line":60,"column":13},"end":{"line":60,"column":59}},"25":{"start":{"line":62,"column":2},"end":{"line":66,"column":null}},"26":{"start":{"line":69,"column":38},"end":{"line":70,"column":60}},"27":{"start":{"line":70,"column":2},"end":{"line":70,"column":60}},"28":{"start":{"line":69,"column":13},"end":{"line":69,"column":38}}},"fnMap":{"0":{"name":"(anonymous_2)","decl":{"start":{"line":21,"column":19},"end":{"line":21,"column":20}},"loc":{"start":{"line":21,"column":61},"end":{"line":31,"column":5}}},"1":{"name":"(anonymous_3)","decl":{"start":{"line":32,"column":22},"end":{"line":32,"column":23}},"loc":{"start":{"line":32,"column":59},"end":{"line":36,"column":5}}},"2":{"name":"(anonymous_4)","decl":{"start":{"line":34,"column":8},"end":{"line":34,"column":9}},"loc":{"start":{"line":34,"column":13},"end":{"line":34,"column":22}}},"3":{"name":"(anonymous_5)","decl":{"start":{"line":37,"column":22},"end":{"line":37,"column":23}},"loc":{"start":{"line":37,"column":59},"end":{"line":44,"column":5}}},"4":{"name":"(anonymous_6)","decl":{"start":{"line":45,"column":24},"end":{"line":45,"column":25}},"loc":{"start":{"line":45,"column":61},"end":{"line":52,"column":5}}},"5":{"name":"(anonymous_7)","decl":{"start":{"line":53,"column":22},"end":{"line":53,"column":23}},"loc":{"start":{"line":53,"column":28},"end":{"line":56,"column":5}}},"6":{"name":"(anonymous_8)","decl":{"start":{"line":69,"column":38},"end":{"line":69,"column":39}},"loc":{"start":{"line":69,"column":55},"end":{"line":70,"column":60}}}},"branchMap":{"0":{"loc":{"start":{"line":22,"column":6},"end":{"line":25,"column":7}},"type":"if","locations":[{"start":{"line":22,"column":6},"end":{"line":25,"column":7}}]},"1":{"loc":{"start":{"line":39,"column":6},"end":{"line":39,"column":66}},"type":"if","locations":[{"start":{"line":39,"column":6},"end":{"line":39,"column":66}}]},"2":{"loc":{"start":{"line":39,"column":10},"end":{"line":39,"column":57}},"type":"binary-expr","locations":[{"start":{"line":39,"column":10},"end":{"line":39,"column":20}},{"start":{"line":39,"column":24},"end":{"line":39,"column":57}}]},"3":{"loc":{"start":{"line":47,"column":6},"end":{"line":47,"column":69}},"type":"if","locations":[{"start":{"line":47,"column":6},"end":{"line":47,"column":69}}]},"4":{"loc":{"start":{"line":47,"column":10},"end":{"line":47,"column":60}},"type":"binary-expr","locations":[{"start":{"line":47,"column":10},"end":{"line":47,"column":19}},{"start":{"line":47,"column":23},"end":{"line":47,"column":60}}]},"5":{"loc":{"start":{"line":70,"column":2},"end":{"line":70,"column":59}},"type":"cond-expr","locations":[{"start":{"line":70,"column":25},"end":{"line":70,"column":29}},{"start":{"line":70,"column":29},"end":{"line":70,"column":59}}]},"6":{"loc":{"start":{"line":70,"column":2},"end":{"line":70,"column":29}},"type":"binary-expr","locations":[{"start":{"line":70,"column":2},"end":{"line":70,"column":29}},{"start":{"line":70,"column":25},"end":{"line":70,"column":29}}]}},"s":{"0":2,"1":2,"2":2,"3":2,"4":7,"5":2,"6":2,"7":5,"8":1,"9":1,"10":0,"11":0,"12":0,"13":0,"14":0,"15":0,"16":1,"17":1,"18":0,"19":1,"20":1,"21":1,"22":1,"23":1,"24":2,"25":2,"26":2,"27":0,"28":2},"f":{"0":7,"1":1,"2":1,"3":0,"4":1,"5":1,"6":0},"b":{"0":[2],"1":[0],"2":[0,0],"3":[0],"4":[1,1],"5":[0,0],"6":[0,0]}}
,"/Users/timofej/Documents/Old documents/Documents/Study/FrontEnd/12/Проектная работа/stellar-burgers/src/services/slices/feedSlice.ts": {"path":"/Users/timofej/Documents/Old documents/Documents/Study/FrontEnd/12/Проектная работа/stellar-burgers/src/services/slices/feedSlice.ts","statementMap":{"0":{"start":{"line":1,"column":0},"end":{"line":1,"column":65}},"1":{"start":{"line":2,"column":0},"end":{"line":2,"column":53}},"2":{"start":{"line":14,"column":33},"end":{"line":20,"column":2}},"3":{"start":{"line":22,"column":13},"end":{"line":25,"column":3}},"4":{"start":{"line":22,"column":60},"end":{"line":25,"column":2}},"5":{"start":{"line":23,"column":15},"end":{"line":23,"column":null}},"6":{"start":{"line":23,"column":8},"end":{"line":23,"column":null}},"7":{"start":{"line":24,"column":2},"end":{"line":24,"column":14}},"8":{"start":{"line":27,"column":18},"end":{"line":48,"column":2}},"9":{"start":{"line":32,"column":4},"end":{"line":46,"column":9}},"10":{"start":{"line":34,"column":8},"end":{"line":34,"column":31}},"11":{"start":{"line":35,"column":8},"end":{"line":35,"column":27}},"12":{"start":{"line":38,"column":8},"end":{"line":38,"column":32}},"13":{"start":{"line":39,"column":8},"end":{"line":39,"column":45}},"14":{"start":{"line":40,"column":8},"end":{"line":40,"column":43}},"15":{"start":{"line":41,"column":8},"end":{"line":41,"column":53}},"16":{"start":{"line":44,"column":8},"end":{"line":44,"column":32}},"17":{"start":{"line":45,"column":8},"end":{"line":45,"column":70}},"18":{"start":{"line":50,"column":13},"end":{"line":50,"column":45}},"19":{"start":{"line":52,"column":32},"end":{"line":52,"column":59}},"20":{"start":{"line":52,"column":54},"end":{"line":52,"column":72}},"21":{"start":{"line":52,"column":13},"end":{"line":52,"column":32}},"22":{"start":{"line":53,"column":31},"end":{"line":53,"column":58}},"23":{"start":{"line":53,"column":53},"end":{"line":53,"column":70}},"24":{"start":{"line":53,"column":13},"end":{"line":53,"column":31}},"25":{"start":{"line":54,"column":36},"end":{"line":54,"column":63}},"26":{"start":{"line":54,"column":58},"end":{"line":54,"column":80}},"27":{"start":{"line":54,"column":13},"end":{"line":54,"column":36}},"28":{"start":{"line":55,"column":33},"end":{"line":55,"column":60}},"29":{"start":{"line":55,"column":55},"end":{"line":55,"column":76}},"30":{"start":{"line":55,"column":13},"end":{"line":55,"column":33}}},"fnMap":{"0":{"name":"(anonymous_13)","decl":{"start":{"line":22,"column":60},"end":{"line":22,"column":null}},"loc":{"start":{"line":22,"column":60},"end":{"line":25,"column":2}}},"1":{"name":"(anonymous_16)","decl":{"start":{"line":31,"column":17},"end":{"line":31,"column":18}},"loc":{"start":{"line":31,"column":25},"end":{"line":47,"column":3}}},"2":{"name":"(anonymous_17)","decl":{"start":{"line":33,"column":34},"end":{"line":33,"column":35}},"loc":{"start":{"line":33,"column":40},"end":{"line":36,"column":7}}},"3":{"name":"(anonymous_18)","decl":{"start":{"line":37,"column":36},"end":{"line":37,"column":37}},"loc":{"start":{"line":37,"column":50},"end":{"line":42,"column":7}}},"4":{"name":"(anonymous_19)","decl":{"start":{"line":43,"column":35},"end":{"line":43,"column":36}},"loc":{"start":{"line":43,"column":49},"end":{"line":46,"column":7}}},"5":{"name":"(anonymous_20)","decl":{"start":{"line":52,"column":32},"end":{"line":52,"column":33}},"loc":{"start":{"line":52,"column":49},"end":{"line":52,"column":59}}},"6":{"name":"(anonymous_21)","decl":{"start":{"line":53,"column":31},"end":{"line":53,"column":32}},"loc":{"start":{"line":53,"column":48},"end":{"line":53,"column":58}}},"7":{"name":"(anonymous_22)","decl":{"start":{"line":54,"column":36},"end":{"line":54,"column":37}},"loc":{"start":{"line":54,"column":53},"end":{"line":54,"column":63}}},"8":{"name":"(anonymous_23)","decl":{"start":{"line":55,"column":33},"end":{"line":55,"column":34}},"loc":{"start":{"line":55,"column":50},"end":{"line":55,"column":60}}}},"branchMap":{"0":{"loc":{"start":{"line":23,"column":15},"end":{"line":23,"column":null}},"type":"switch","locations":[{"start":{"line":23,"column":15},"end":{"line":23,"column":null}}]},"1":{"loc":{"start":{"line":45,"column":22},"end":{"line":45,"column":69}},"type":"binary-expr","locations":[{"start":{"line":45,"column":22},"end":{"line":45,"column":42}},{"start":{"line":45,"column":46},"end":{"line":45,"column":69}}]}},"s":{"0":1,"1":1,"2":1,"3":1,"4":0,"5":0,"6":0,"7":0,"8":1,"9":1,"10":0,"11":0,"12":0,"13":0,"14":0,"15":0,"16":0,"17":0,"18":1,"19":1,"20":0,"21":1,"22":1,"23":0,"24":1,"25":1,"26":0,"27":1,"28":1,"29":0,"30":1},"f":{"0":0,"1":1,"2":0,"3":0,"4":0,"5":0,"6":0,"7":0,"8":0},"b":{"0":[0],"1":[0,0]}}
,"/Users/timofej/Documents/Old documents/Documents/Study/FrontEnd/12/Проектная работа/stellar-burgers/src/services/slices/ingredientsSlice.ts": {"path":"/Users/timofej/Documents/Old documents/Documents/Study/FrontEnd/12/Проектная работа/stellar-burgers/src/services/slices/ingredientsSlice.ts","statementMap":{"0":{"start":{"line":1,"column":0},"end":{"line":1,"column":65}},"1":{"start":{"line":2,"column":0},"end":{"line":2,"column":59}},"2":{"start":{"line":12,"column":40},"end":{"line":16,"column":2}},"3":{"start":{"line":18,"column":13},"end":{"line":21,"column":2}},"4":{"start":{"line":20,"column":2},"end":{"line":20,"column":null}},"5":{"start":{"line":20,"column":14},"end":{"line":20,"column":null}},"6":{"start":{"line":23,"column":25},"end":{"line":42,"column":2}},"7":{"start":{"line":28,"column":4},"end":{"line":40,"column":9}},"8":{"start":{"line":30,"column":8},"end":{"line":30,"column":31}},"9":{"start":{"line":31,"column":8},"end":{"line":31,"column":27}},"10":{"start":{"line":34,"column":8},"end":{"line":34,"column":32}},"11":{"start":{"line":35,"column":8},"end":{"line":35,"column":37}},"12":{"start":{"line":38,"column":8},"end":{"line":38,"column":32}},"13":{"start":{"line":39,"column":8},"end":{"line":39,"column":77}},"14":{"start":{"line":44,"column":13},"end":{"line":44,"column":59}},"15":{"start":{"line":46,"column":33},"end":{"line":46,"column":60}},"16":{"start":{"line":46,"column":55},"end":{"line":46,"column":79}},"17":{"start":{"line":46,"column":13},"end":{"line":46,"column":33}},"18":{"start":{"line":47,"column":40},"end":{"line":48,"column":7}},"19":{"start":{"line":48,"column":2},"end":{"line":48,"column":30}},"20":{"start":{"line":47,"column":13},"end":{"line":47,"column":40}}},"fnMap":{"0":{"name":"(anonymous_13)","decl":{"start":{"line":20,"column":2},"end":{"line":20,"column":14}},"loc":{"start":{"line":20,"column":2},"end":{"line":20,"column":null}}},"1":{"name":"(anonymous_16)","decl":{"start":{"line":27,"column":17},"end":{"line":27,"column":18}},"loc":{"start":{"line":27,"column":25},"end":{"line":41,"column":3}}},"2":{"name":"(anonymous_17)","decl":{"start":{"line":29,"column":41},"end":{"line":29,"column":42}},"loc":{"start":{"line":29,"column":47},"end":{"line":32,"column":7}}},"3":{"name":"(anonymous_18)","decl":{"start":{"line":33,"column":43},"end":{"line":33,"column":44}},"loc":{"start":{"line":33,"column":57},"end":{"line":36,"column":7}}},"4":{"name":"(anonymous_19)","decl":{"start":{"line":37,"column":42},"end":{"line":37,"column":43}},"loc":{"start":{"line":37,"column":56},"end":{"line":40,"column":7}}},"5":{"name":"(anonymous_20)","decl":{"start":{"line":46,"column":33},"end":{"line":46,"column":34}},"loc":{"start":{"line":46,"column":50},"end":{"line":46,"column":60}}},"6":{"name":"(anonymous_21)","decl":{"start":{"line":47,"column":40},"end":{"line":47,"column":41}},"loc":{"start":{"line":47,"column":57},"end":{"line":48,"column":7}}}},"branchMap":{"0":{"loc":{"start":{"line":20,"column":14},"end":{"line":20,"column":null}},"type":"switch","locations":[{"start":{"line":20,"column":14},"end":{"line":20,"column":null}},{"start":{"line":20,"column":14},"end":{"line":20,"column":null}}]},"1":{"loc":{"start":{"line":39,"column":22},"end":{"line":39,"column":76}},"type":"binary-expr","locations":[{"start":{"line":39,"column":22},"end":{"line":39,"column":42}},{"start":{"line":39,"column":46},"end":{"line":39,"column":76}}]}},"s":{"0":2,"1":2,"2":2,"3":2,"4":0,"5":0,"6":2,"7":2,"8":1,"9":1,"10":1,"11":1,"12":1,"13":1,"14":2,"15":2,"16":0,"17":2,"18":2,"19":0,"20":2},"f":{"0":0,"1":2,"2":1,"3":1,"4":1,"5":0,"6":0},"b":{"0":[0,0],"1":[1,0]}}
,"/Users/timofej/Documents/Old documents/Documents/Study/FrontEnd/12/Проектная работа/stellar-burgers/src/services/slices/orderSlice.ts": {"path":"/Users/timofej/Documents/Old documents/Documents/Study/FrontEnd/12/Проектная работа/stellar-burgers/src/services/slices/orderSlice.ts","statementMap":{"0":{"start":{"line":1,"column":0},"end":{"line":1,"column":65}},"1":{"start":{"line":2,"column":0},"end":{"line":2,"column":59}},"2":{"start":{"line":14,"column":34},"end":{"line":20,"column":2}},"3":{"start":{"line":22,"column":24},"end":{"line":23,"column":7}},"4":{"start":{"line":23,"column":2},"end":{"line":23,"column":52}},"5":{"start":{"line":25,"column":13},"end":{"line":35,"column":2}},"6":{"start":{"line":27,"column":49},"end":{"line":27,"column":51}},"7":{"start":{"line":29,"column":19},"end":{"line":29,"column":null}},"8":{"start":{"line":29,"column":12},"end":{"line":29,"column":null}},"9":{"start":{"line":30,"column":6},"end":{"line":30,"column":24}},"10":{"start":{"line":32,"column":6},"end":{"line":32,"column":79}},"11":{"start":{"line":37,"column":13},"end":{"line":50,"column":2}},"12":{"start":{"line":39,"column":42},"end":{"line":39,"column":44}},"13":{"start":{"line":41,"column":19},"end":{"line":41,"column":null}},"14":{"start":{"line":41,"column":12},"end":{"line":41,"column":null}},"15":{"start":{"line":42,"column":6},"end":{"line":44,"column":7}},"16":{"start":{"line":43,"column":8},"end":{"line":43,"column":50}},"17":{"start":{"line":45,"column":6},"end":{"line":45,"column":28}},"18":{"start":{"line":47,"column":6},"end":{"line":47,"column":77}},"19":{"start":{"line":52,"column":19},"end":{"line":89,"column":2}},"20":{"start":{"line":57,"column":6},"end":{"line":57,"column":34}},"21":{"start":{"line":58,"column":6},"end":{"line":58,"column":25}},"22":{"start":{"line":62,"column":4},"end":{"line":87,"column":9}},"23":{"start":{"line":64,"column":8},"end":{"line":64,"column":34}},"24":{"start":{"line":65,"column":8},"end":{"line":65,"column":27}},"25":{"start":{"line":68,"column":8},"end":{"line":68,"column":35}},"26":{"start":{"line":69,"column":8},"end":{"line":69,"column":46}},"27":{"start":{"line":72,"column":8},"end":{"line":72,"column":35}},"28":{"start":{"line":73,"column":8},"end":{"line":73,"column":69}},"29":{"start":{"line":77,"column":8},"end":{"line":77,"column":41}},"30":{"start":{"line":78,"column":8},"end":{"line":78,"column":27}},"31":{"start":{"line":81,"column":8},"end":{"line":81,"column":42}},"32":{"start":{"line":82,"column":8},"end":{"line":82,"column":44}},"33":{"start":{"line":85,"column":8},"end":{"line":85,"column":42}},"34":{"start":{"line":86,"column":8},"end":{"line":86,"column":69}},"35":{"start":{"line":91,"column":13},"end":{"line":91,"column":47}},"36":{"start":{"line":92,"column":15},"end":{"line":92,"column":58}},"37":{"start":{"line":94,"column":34},"end":{"line":95,"column":7}},"38":{"start":{"line":95,"column":2},"end":{"line":95,"column":27}},"39":{"start":{"line":94,"column":13},"end":{"line":94,"column":34}},"40":{"start":{"line":96,"column":36},"end":{"line":97,"column":7}},"41":{"start":{"line":97,"column":2},"end":{"line":97,"column":29}},"42":{"start":{"line":96,"column":13},"end":{"line":96,"column":36}},"43":{"start":{"line":98,"column":34},"end":{"line":99,"column":7}},"44":{"start":{"line":99,"column":2},"end":{"line":99,"column":27}},"45":{"start":{"line":98,"column":13},"end":{"line":98,"column":34}},"46":{"start":{"line":100,"column":41},"end":{"line":101,"column":7}},"47":{"start":{"line":101,"column":2},"end":{"line":101,"column":34}},"48":{"start":{"line":100,"column":13},"end":{"line":100,"column":41}}},"fnMap":{"0":{"name":"(anonymous_13)","decl":{"start":{"line":22,"column":24},"end":{"line":22,"column":25}},"loc":{"start":{"line":22,"column":57},"end":{"line":23,"column":7}}},"1":{"name":"(anonymous_14)","decl":{"start":{"line":27,"column":2},"end":{"line":27,"column":9}},"loc":{"start":{"line":27,"column":51},"end":{"line":34,"column":null}}},"2":{"name":"(anonymous_17)","decl":{"start":{"line":39,"column":2},"end":{"line":39,"column":9}},"loc":{"start":{"line":39,"column":44},"end":{"line":49,"column":null}}},"3":{"name":"(anonymous_20)","decl":{"start":{"line":56,"column":25},"end":{"line":56,"column":26}},"loc":{"start":{"line":56,"column":31},"end":{"line":59,"column":5}}},"4":{"name":"(anonymous_21)","decl":{"start":{"line":61,"column":17},"end":{"line":61,"column":18}},"loc":{"start":{"line":61,"column":25},"end":{"line":88,"column":3}}},"5":{"name":"(anonymous_22)","decl":{"start":{"line":63,"column":36},"end":{"line":63,"column":37}},"loc":{"start":{"line":63,"column":42},"end":{"line":66,"column":7}}},"6":{"name":"(anonymous_23)","decl":{"start":{"line":67,"column":38},"end":{"line":67,"column":39}},"loc":{"start":{"line":67,"column":52},"end":{"line":70,"column":7}}},"7":{"name":"(anonymous_24)","decl":{"start":{"line":71,"column":37},"end":{"line":71,"column":38}},"loc":{"start":{"line":71,"column":51},"end":{"line":74,"column":7}}},"8":{"name":"(anonymous_25)","decl":{"start":{"line":76,"column":43},"end":{"line":76,"column":44}},"loc":{"start":{"line":76,"column":49},"end":{"line":79,"column":7}}},"9":{"name":"(anonymous_26)","decl":{"start":{"line":80,"column":45},"end":{"line":80,"column":46}},"loc":{"start":{"line":80,"column":59},"end":{"line":83,"column":7}}},"10":{"name":"(anonymous_27)","decl":{"start":{"line":84,"column":44},"end":{"line":84,"column":45}},"loc":{"start":{"line":84,"column":58},"end":{"line":87,"column":7}}},"11":{"name":"(anonymous_28)","decl":{"start":{"line":94,"column":34},"end":{"line":94,"column":35}},"loc":{"start":{"line":94,"column":51},"end":{"line":95,"column":7}}},"12":{"name":"(anonymous_29)","decl":{"start":{"line":96,"column":36},"end":{"line":96,"column":37}},"loc":{"start":{"line":96,"column":53},"end":{"line":97,"column":7}}},"13":{"name":"(anonymous_30)","decl":{"start":{"line":98,"column":34},"end":{"line":98,"column":35}},"loc":{"start":{"line":98,"column":51},"end":{"line":99,"column":7}}},"14":{"name":"(anonymous_31)","decl":{"start":{"line":100,"column":41},"end":{"line":100,"column":42}},"loc":{"start":{"line":100,"column":58},"end":{"line":101,"column":7}}}},"branchMap":{"0":{"loc":{"start":{"line":23,"column":2},"end":{"line":23,"column":51}},"type":"cond-expr","locations":[{"start":{"line":23,"column":27},"end":{"line":23,"column":40}},{"start":{"line":23,"column":43},"end":{"line":23,"column":51}}]},"1":{"loc":{"start":{"line":42,"column":6},"end":{"line":44,"column":7}},"type":"if","locations":[{"start":{"line":42,"column":6},"end":{"line":44,"column":7}}]},"2":{"loc":{"start":{"line":73,"column":29},"end":{"line":73,"column":67}},"type":"binary-expr","locations":[{"start":{"line":73,"column":29},"end":{"line":73,"column":43}},{"start":{"line":73,"column":47},"end":{"line":73,"column":67}}]},"3":{"loc":{"start":{"line":86,"column":29},"end":{"line":86,"column":67}},"type":"binary-expr","locations":[{"start":{"line":86,"column":29},"end":{"line":86,"column":43}},{"start":{"line":86,"column":47},"end":{"line":86,"column":67}}]}},"s":{"0":1,"1":1,"2":1,"3":1,"4":0,"5":1,"6":0,"7":0,"8":0,"9":0,"10":0,"11":1,"12":0,"13":0,"14":0,"15":0,"16":0,"17":0,"18":0,"19":1,"20":0,"21":0,"22":1,"23":0,"24":0,"25":0,"26":0,"27":0,"28":0,"29":0,"30":0,"31":0,"32":0,"33":0,"34":0,"35":1,"36":1,"37":1,"38":0,"39":1,"40":1,"41":0,"42":1,"43":1,"44":0,"45":1,"46":1,"47":0,"48":1},"f":{"0":0,"1":0,"2":0,"3":0,"4":1,"5":0,"6":0,"7":0,"8":0,"9":0,"10":0,"11":0,"12":0,"13":0,"14":0},"b":{"0":[0,0],"1":[0],"2":[0,0],"3":[0,0]}}
,"/Users/timofej/Documents/Old documents/Documents/Study/FrontEnd/12/Проектная работа/stellar-burgers/src/services/slices/profileOrdersSlice.ts": {"path":"/Users/timofej/Documents/Old documents/Documents/Study/FrontEnd/12/Проектная работа/stellar-burgers/src/services/slices/profileOrdersSlice.ts","statementMap":{"0":{"start":{"line":1,"column":0},"end":{"line":1,"column":65}},"1":{"start":{"line":2,"column":0},"end":{"line":2,"column":54}},"2":{"start":{"line":12,"column":42},"end":{"line":16,"column":2}},"3":{"start":{"line":18,"column":13},"end":{"line":21,"column":2}},"4":{"start":{"line":20,"column":2},"end":{"line":20,"column":null}},"5":{"start":{"line":20,"column":14},"end":{"line":20,"column":null}},"6":{"start":{"line":23,"column":27},"end":{"line":43,"column":2}},"7":{"start":{"line":28,"column":4},"end":{"line":41,"column":9}},"8":{"start":{"line":30,"column":8},"end":{"line":30,"column":31}},"9":{"start":{"line":31,"column":8},"end":{"line":31,"column":27}},"10":{"start":{"line":34,"column":8},"end":{"line":34,"column":32}},"11":{"start":{"line":35,"column":8},"end":{"line":35,"column":38}},"12":{"start":{"line":38,"column":8},"end":{"line":38,"column":32}},"13":{"start":{"line":39,"column":8},"end":{"line":40,"column":73}},"14":{"start":{"line":45,"column":13},"end":{"line":45,"column":63}},"15":{"start":{"line":47,"column":35},"end":{"line":48,"column":7}},"16":{"start":{"line":48,"column":2},"end":{"line":48,"column":29}},"17":{"start":{"line":47,"column":13},"end":{"line":47,"column":35}},"18":{"start":{"line":49,"column":42},"end":{"line":50,"column":7}},"19":{"start":{"line":50,"column":2},"end":{"line":50,"column":32}},"20":{"start":{"line":49,"column":13},"end":{"line":49,"column":42}}},"fnMap":{"0":{"name":"(anonymous_13)","decl":{"start":{"line":20,"column":2},"end":{"line":20,"column":14}},"loc":{"start":{"line":20,"column":2},"end":{"line":20,"column":null}}},"1":{"name":"(anonymous_16)","decl":{"start":{"line":27,"column":17},"end":{"line":27,"column":18}},"loc":{"start":{"line":27,"column":25},"end":{"line":42,"column":3}}},"2":{"name":"(anonymous_17)","decl":{"start":{"line":29,"column":43},"end":{"line":29,"column":44}},"loc":{"start":{"line":29,"column":49},"end":{"line":32,"column":7}}},"3":{"name":"(anonymous_18)","decl":{"start":{"line":33,"column":45},"end":{"line":33,"column":46}},"loc":{"start":{"line":33,"column":59},"end":{"line":36,"column":7}}},"4":{"name":"(anonymous_19)","decl":{"start":{"line":37,"column":44},"end":{"line":37,"column":45}},"loc":{"start":{"line":37,"column":58},"end":{"line":41,"column":7}}},"5":{"name":"(anonymous_20)","decl":{"start":{"line":47,"column":35},"end":{"line":47,"column":36}},"loc":{"start":{"line":47,"column":52},"end":{"line":48,"column":7}}},"6":{"name":"(anonymous_21)","decl":{"start":{"line":49,"column":42},"end":{"line":49,"column":43}},"loc":{"start":{"line":49,"column":59},"end":{"line":50,"column":7}}}},"branchMap":{"0":{"loc":{"start":{"line":20,"column":14},"end":{"line":20,"column":null}},"type":"switch","locations":[{"start":{"line":20,"column":14},"end":{"line":20,"column":null}},{"start":{"line":20,"column":14},"end":{"line":20,"column":null}}]},"1":{"loc":{"start":{"line":40,"column":10},"end":{"line":40,"column":72}},"type":"binary-expr","locations":[{"start":{"line":40,"column":10},"end":{"line":40,"column":30}},{"start":{"line":40,"column":34},"end":{"line":40,"column":72}}]}},"s":{"0":1,"1":1,"2":1,"3":1,"4":0,"5":0,"6":1,"7":1,"8":0,"9":0,"10":0,"11":0,"12":0,"13":0,"14":1,"15":1,"16":0,"17":1,"18":1,"19":0,"20":1},"f":{"0":0,"1":1,"2":0,"3":0,"4":0,"5":0,"6":0},"b":{"0":[0,0],"1":[0,0]}}
,"/Users/timofej/Documents/Old documents/Documents/Study/FrontEnd/12/Проектная работа/stellar-burgers/src/utils/burger-api.ts": {"path":"/Users/timofej/Documents/Old documents/Documents/Study/FrontEnd/12/Проектная работа/stellar-burgers/src/utils/burger-api.ts","statementMap":{"0":{"start":{"line":1,"column":0},"end":{"line":1,"column":48}},"1":{"start":{"line":4,"column":12},"end":{"line":4,"column":38}},"2":{"start":{"line":6,"column":22},"end":{"line":7,"column":5}},"3":{"start":{"line":7,"column":2},"end":{"line":7,"column":70}},"4":{"start":{"line":7,"column":49},"end":{"line":7,"column":69}},"5":{"start":{"line":18,"column":28},"end":{"line":19,"column":7}},"6":{"start":{"line":19,"column":2},"end":{"line":36,"column":7}},"7":{"start":{"line":28,"column":19},"end":{"line":28,"column":56}},"8":{"start":{"line":30,"column":6},"end":{"line":32,"column":7}},"9":{"start":{"line":31,"column":8},"end":{"line":31,"column":43}},"10":{"start":{"line":33,"column":6},"end":{"line":33,"column":69}},"11":{"start":{"line":34,"column":6},"end":{"line":34,"column":56}},"12":{"start":{"line":35,"column":6},"end":{"line":35,"column":25}},"13":{"start":{"line":18,"column":13},"end":{"line":18,"column":28}},"14":{"start":{"line":38,"column":32},"end":{"line":58,"column":2}},"15":{"start":{"line":40,"column":22},"end":{"line":58,"column":2}},"16":{"start":{"line":43,"column":16},"end":{"line":43,"column":null}},"17":{"start":{"line":43,"column":10},"end":{"line":43,"column":null}},"18":{"start":{"line":44,"column":11},"end":{"line":44,"column":39}},"19":{"start":{"line":44,"column":4},"end":{"line":44,"column":39}},"20":{"start":{"line":46,"column":8},"end":{"line":46,"column":9}},"21":{"start":{"line":47,"column":26},"end":{"line":47,"column":null}},"22":{"start":{"line":47,"column":12},"end":{"line":47,"column":null}},"23":{"start":{"line":48,"column":6},"end":{"line":51,"column":7}},"24":{"start":{"line":49,"column":9},"end":{"line":50,"column":34}},"25":{"start":{"line":52,"column":18},"end":{"line":52,"column":null}},"26":{"start":{"line":52,"column":12},"end":{"line":52,"column":null}},"27":{"start":{"line":53,"column":13},"end":{"line":53,"column":41}},"28":{"start":{"line":53,"column":6},"end":{"line":53,"column":41}},"29":{"start":{"line":55,"column":6},"end":{"line":55,"column":33}},"30":{"start":{"line":38,"column":13},"end":{"line":38,"column":32}},"31":{"start":{"line":74,"column":33},"end":{"line":75,"column":7}},"32":{"start":{"line":75,"column":2},"end":{"line":80,"column":7}},"33":{"start":{"line":76,"column":19},"end":{"line":76,"column":60}},"34":{"start":{"line":78,"column":6},"end":{"line":78,"column":42}},"35":{"start":{"line":78,"column":25},"end":{"line":78,"column":42}},"36":{"start":{"line":79,"column":6},"end":{"line":79,"column":34}},"37":{"start":{"line":74,"column":13},"end":{"line":74,"column":33}},"38":{"start":{"line":82,"column":27},"end":{"line":83,"column":7}},"39":{"start":{"line":83,"column":2},"end":{"line":88,"column":7}},"40":{"start":{"line":84,"column":19},"end":{"line":84,"column":54}},"41":{"start":{"line":86,"column":6},"end":{"line":86,"column":37}},"42":{"start":{"line":86,"column":25},"end":{"line":86,"column":37}},"43":{"start":{"line":87,"column":6},"end":{"line":87,"column":34}},"44":{"start":{"line":82,"column":13},"end":{"line":82,"column":27}},"45":{"start":{"line":90,"column":28},"end":{"line":91,"column":18}},"46":{"start":{"line":91,"column":2},"end":{"line":100,"column":5}},"47":{"start":{"line":98,"column":4},"end":{"line":98,"column":42}},"48":{"start":{"line":98,"column":23},"end":{"line":98,"column":42}},"49":{"start":{"line":99,"column":4},"end":{"line":99,"column":32}},"50":{"start":{"line":90,"column":13},"end":{"line":90,"column":28}},"51":{"start":{"line":107,"column":30},"end":{"line":108,"column":18}},"52":{"start":{"line":108,"column":2},"end":{"line":120,"column":5}},"53":{"start":{"line":118,"column":4},"end":{"line":118,"column":35}},"54":{"start":{"line":118,"column":23},"end":{"line":118,"column":35}},"55":{"start":{"line":119,"column":4},"end":{"line":119,"column":32}},"56":{"start":{"line":107,"column":13},"end":{"line":107,"column":30}},"57":{"start":{"line":126,"column":35},"end":{"line":127,"column":7}},"58":{"start":{"line":127,"column":2},"end":{"line":132,"column":55}},"59":{"start":{"line":132,"column":19},"end":{"line":132,"column":54}},"60":{"start":{"line":126,"column":13},"end":{"line":126,"column":35}},"61":{"start":{"line":146,"column":31},"end":{"line":147,"column":7}},"62":{"start":{"line":147,"column":2},"end":{"line":158,"column":7}},"63":{"start":{"line":154,"column":19},"end":{"line":154,"column":53}},"64":{"start":{"line":156,"column":6},"end":{"line":156,"column":37}},"65":{"start":{"line":156,"column":25},"end":{"line":156,"column":37}},"66":{"start":{"line":157,"column":6},"end":{"line":157,"column":34}},"67":{"start":{"line":146,"column":13},"end":{"line":146,"column":31}},"68":{"start":{"line":165,"column":28},"end":{"line":166,"column":7}},"69":{"start":{"line":166,"column":2},"end":{"line":177,"column":7}},"70":{"start":{"line":173,"column":19},"end":{"line":173,"column":53}},"71":{"start":{"line":175,"column":6},"end":{"line":175,"column":37}},"72":{"start":{"line":175,"column":25},"end":{"line":175,"column":37}},"73":{"start":{"line":176,"column":6},"end":{"line":176,"column":34}},"74":{"start":{"line":165,"column":13},"end":{"line":165,"column":28}},"75":{"start":{"line":179,"column":33},"end":{"line":180,"column":7}},"76":{"start":{"line":180,"column":2},"end":{"line":191,"column":7}},"77":{"start":{"line":187,"column":19},"end":{"line":187,"column":59}},"78":{"start":{"line":189,"column":6},"end":{"line":189,"column":37}},"79":{"start":{"line":189,"column":25},"end":{"line":189,"column":37}},"80":{"start":{"line":190,"column":6},"end":{"line":190,"column":34}},"81":{"start":{"line":179,"column":13},"end":{"line":179,"column":33}},"82":{"start":{"line":193,"column":32},"end":{"line":194,"column":7}},"83":{"start":{"line":194,"column":2},"end":{"line":205,"column":7}},"84":{"start":{"line":201,"column":19},"end":{"line":201,"column":59}},"85":{"start":{"line":203,"column":6},"end":{"line":203,"column":37}},"86":{"start":{"line":203,"column":25},"end":{"line":203,"column":37}},"87":{"start":{"line":204,"column":6},"end":{"line":204,"column":34}},"88":{"start":{"line":193,"column":13},"end":{"line":193,"column":32}},"89":{"start":{"line":209,"column":26},"end":{"line":210,"column":18}},"90":{"start":{"line":210,"column":2},"end":{"line":214,"column":5}},"91":{"start":{"line":209,"column":13},"end":{"line":209,"column":26}},"92":{"start":{"line":216,"column":29},"end":{"line":217,"column":18}},"93":{"start":{"line":217,"column":2},"end":{"line":224,"column":5}},"94":{"start":{"line":216,"column":13},"end":{"line":216,"column":29}},"95":{"start":{"line":226,"column":25},"end":{"line":227,"column":7}},"96":{"start":{"line":227,"column":2},"end":{"line":235,"column":60}},"97":{"start":{"line":235,"column":19},"end":{"line":235,"column":59}},"98":{"start":{"line":226,"column":13},"end":{"line":226,"column":25}}},"fnMap":{"0":{"name":"(anonymous_13)","decl":{"start":{"line":6,"column":22},"end":{"line":6,"column":26}},"loc":{"start":{"line":6,"column":39},"end":{"line":7,"column":5}}},"1":{"name":"(anonymous_14)","decl":{"start":{"line":7,"column":40},"end":{"line":7,"column":41}},"loc":{"start":{"line":7,"column":44},"end":{"line":7,"column":56}}},"2":{"name":"(anonymous_15)","decl":{"start":{"line":18,"column":28},"end":{"line":18,"column":null}},"loc":{"start":{"line":18,"column":28},"end":{"line":19,"column":7}}},"3":{"name":"(anonymous_16)","decl":{"start":{"line":28,"column":10},"end":{"line":28,"column":11}},"loc":{"start":{"line":28,"column":14},"end":{"line":28,"column":32}}},"4":{"name":"(anonymous_17)","decl":{"start":{"line":29,"column":10},"end":{"line":29,"column":11}},"loc":{"start":{"line":29,"column":22},"end":{"line":36,"column":5}}},"5":{"name":"(anonymous_18)","decl":{"start":{"line":38,"column":32},"end":{"line":38,"column":null}},"loc":{"start":{"line":40,"column":22},"end":{"line":58,"column":2}}},"6":{"name":"(anonymous_19)","decl":{"start":{"line":40,"column":22},"end":{"line":40,"column":null}},"loc":{"start":{"line":40,"column":22},"end":{"line":58,"column":2}}},"7":{"name":"(anonymous_21)","decl":{"start":{"line":74,"column":33},"end":{"line":74,"column":null}},"loc":{"start":{"line":74,"column":33},"end":{"line":75,"column":7}}},"8":{"name":"(anonymous_22)","decl":{"start":{"line":76,"column":10},"end":{"line":76,"column":11}},"loc":{"start":{"line":76,"column":14},"end":{"line":76,"column":32}}},"9":{"name":"(anonymous_23)","decl":{"start":{"line":77,"column":10},"end":{"line":77,"column":11}},"loc":{"start":{"line":77,"column":15},"end":{"line":80,"column":5}}},"10":{"name":"(anonymous_24)","decl":{"start":{"line":82,"column":27},"end":{"line":82,"column":null}},"loc":{"start":{"line":82,"column":27},"end":{"line":83,"column":7}}},"11":{"name":"(anonymous_25)","decl":{"start":{"line":84,"column":10},"end":{"line":84,"column":11}},"loc":{"start":{"line":84,"column":14},"end":{"line":84,"column":32}}},"12":{"name":"(anonymous_26)","decl":{"start":{"line":85,"column":10},"end":{"line":85,"column":11}},"loc":{"start":{"line":85,"column":15},"end":{"line":88,"column":5}}},"13":{"name":"(anonymous_27)","decl":{"start":{"line":90,"column":28},"end":{"line":90,"column":null}},"loc":{"start":{"line":90,"column":28},"end":{"line":91,"column":18}}},"14":{"name":"(anonymous_28)","decl":{"start":{"line":97,"column":10},"end":{"line":97,"column":11}},"loc":{"start":{"line":97,"column":15},"end":{"line":100,"column":3}}},"15":{"name":"(anonymous_29)","decl":{"start":{"line":107,"column":30},"end":{"line":107,"column":31}},"loc":{"start":{"line":107,"column":45},"end":{"line":108,"column":18}}},"16":{"name":"(anonymous_30)","decl":{"start":{"line":117,"column":10},"end":{"line":117,"column":11}},"loc":{"start":{"line":117,"column":15},"end":{"line":120,"column":3}}},"17":{"name":"(anonymous_31)","decl":{"start":{"line":126,"column":35},"end":{"line":126,"column":36}},"loc":{"start":{"line":126,"column":50},"end":{"line":127,"column":7}}},"18":{"name":"(anonymous_32)","decl":{"start":{"line":132,"column":10},"end":{"line":132,"column":11}},"loc":{"start":{"line":132,"column":14},"end":{"line":132,"column":32}}},"19":{"name":"(anonymous_33)","decl":{"start":{"line":146,"column":31},"end":{"line":146,"column":32}},"loc":{"start":{"line":146,"column":51},"end":{"line":147,"column":7}}},"20":{"name":"(anonymous_34)","decl":{"start":{"line":154,"column":10},"end":{"line":154,"column":11}},"loc":{"start":{"line":154,"column":14},"end":{"line":154,"column":32}}},"21":{"name":"(anonymous_35)","decl":{"start":{"line":155,"column":10},"end":{"line":155,"column":11}},"loc":{"start":{"line":155,"column":15},"end":{"line":158,"column":5}}},"22":{"name":"(anonymous_36)","decl":{"start":{"line":165,"column":28},"end":{"line":165,"column":29}},"loc":{"start":{"line":165,"column":45},"end":{"line":166,"column":7}}},"23":{"name":"(anonymous_37)","decl":{"start":{"line":173,"column":10},"end":{"line":173,"column":11}},"loc":{"start":{"line":173,"column":14},"end":{"line":173,"column":32}}},"24":{"name":"(anonymous_38)","decl":{"start":{"line":174,"column":10},"end":{"line":174,"column":11}},"loc":{"start":{"line":174,"column":15},"end":{"line":177,"column":5}}},"25":{"name":"(anonymous_39)","decl":{"start":{"line":179,"column":33},"end":{"line":179,"column":34}},"loc":{"start":{"line":179,"column":57},"end":{"line":180,"column":7}}},"26":{"name":"(anonymous_40)","decl":{"start":{"line":187,"column":10},"end":{"line":187,"column":11}},"loc":{"start":{"line":187,"column":14},"end":{"line":187,"column":32}}},"27":{"name":"(anonymous_41)","decl":{"start":{"line":188,"column":10},"end":{"line":188,"column":11}},"loc":{"start":{"line":188,"column":15},"end":{"line":191,"column":5}}},"28":{"name":"(anonymous_42)","decl":{"start":{"line":193,"column":32},"end":{"line":193,"column":33}},"loc":{"start":{"line":193,"column":74},"end":{"line":194,"column":7}}},"29":{"name":"(anonymous_43)","decl":{"start":{"line":201,"column":10},"end":{"line":201,"column":11}},"loc":{"start":{"line":201,"column":14},"end":{"line":201,"column":32}}},"30":{"name":"(anonymous_44)","decl":{"start":{"line":202,"column":10},"end":{"line":202,"column":11}},"loc":{"start":{"line":202,"column":15},"end":{"line":205,"column":5}}},"31":{"name":"(anonymous_45)","decl":{"start":{"line":209,"column":26},"end":{"line":209,"column":null}},"loc":{"start":{"line":209,"column":26},"end":{"line":210,"column":18}}},"32":{"name":"(anonymous_46)","decl":{"start":{"line":216,"column":29},"end":{"line":216,"column":30}},"loc":{"start":{"line":216,"column":58},"end":{"line":217,"column":18}}},"33":{"name":"(anonymous_47)","decl":{"start":{"line":226,"column":25},"end":{"line":226,"column":null}},"loc":{"start":{"line":226,"column":25},"end":{"line":227,"column":7}}},"34":{"name":"(anonymous_48)","decl":{"start":{"line":235,"column":10},"end":{"line":235,"column":11}},"loc":{"start":{"line":235,"column":14},"end":{"line":235,"column":32}}}},"branchMap":{"0":{"loc":{"start":{"line":7,"column":2},"end":{"line":7,"column":69}},"type":"cond-expr","locations":[{"start":{"line":7,"column":11},"end":{"line":7,"column":21}},{"start":{"line":7,"column":24},"end":{"line":7,"column":69}}]},"1":{"loc":{"start":{"line":30,"column":6},"end":{"line":32,"column":7}},"type":"if","locations":[{"start":{"line":30,"column":6},"end":{"line":32,"column":7}}]},"2":{"loc":{"start":{"line":44,"column":4},"end":{"line":44,"column":39}},"type":"switch","locations":[{"start":{"line":44,"column":4},"end":{"line":44,"column":39}},{"start":{"line":53,"column":6},"end":{"line":53,"column":41}},{"start":{"line":55,"column":6},"end":{"line":55,"column":33}}]},"3":{"loc":{"start":{"line":46,"column":8},"end":{"line":46,"column":9}},"type":"if","locations":[{"start":{"line":46,"column":8},"end":{"line":46,"column":9}}]},"4":{"loc":{"start":{"line":48,"column":6},"end":{"line":51,"column":7}},"type":"if","locations":[{"start":{"line":48,"column":6},"end":{"line":51,"column":7}}]},"5":{"loc":{"start":{"line":78,"column":6},"end":{"line":78,"column":42}},"type":"if","locations":[{"start":{"line":78,"column":6},"end":{"line":78,"column":42}}]},"6":{"loc":{"start":{"line":78,"column":10},"end":{"line":78,"column":23}},"type":"cond-expr","locations":[{"start":{"line":78,"column":14},"end":{"line":78,"column":16}},{"start":{"line":78,"column":10},"end":{"line":78,"column":23}}]},"7":{"loc":{"start":{"line":78,"column":10},"end":{"line":78,"column":16}},"type":"binary-expr","locations":[{"start":{"line":78,"column":10},"end":{"line":78,"column":16}},{"start":{"line":78,"column":10},"end":{"line":78,"column":16}}]},"8":{"loc":{"start":{"line":86,"column":6},"end":{"line":86,"column":37}},"type":"if","locations":[{"start":{"line":86,"column":6},"end":{"line":86,"column":37}}]},"9":{"loc":{"start":{"line":86,"column":10},"end":{"line":86,"column":23}},"type":"cond-expr","locations":[{"start":{"line":86,"column":14},"end":{"line":86,"column":16}},{"start":{"line":86,"column":10},"end":{"line":86,"column":23}}]},"10":{"loc":{"start":{"line":86,"column":10},"end":{"line":86,"column":16}},"type":"binary-expr","locations":[{"start":{"line":86,"column":10},"end":{"line":86,"column":16}},{"start":{"line":86,"column":10},"end":{"line":86,"column":16}}]},"11":{"loc":{"start":{"line":98,"column":4},"end":{"line":98,"column":42}},"type":"if","locations":[{"start":{"line":98,"column":4},"end":{"line":98,"column":42}}]},"12":{"loc":{"start":{"line":98,"column":8},"end":{"line":98,"column":21}},"type":"cond-expr","locations":[{"start":{"line":98,"column":12},"end":{"line":98,"column":14}},{"start":{"line":98,"column":8},"end":{"line":98,"column":21}}]},"13":{"loc":{"start":{"line":98,"column":8},"end":{"line":98,"column":14}},"type":"binary-expr","locations":[{"start":{"line":98,"column":8},"end":{"line":98,"column":14}},{"start":{"line":98,"column":8},"end":{"line":98,"column":14}}]},"14":{"loc":{"start":{"line":118,"column":4},"end":{"line":118,"column":35}},"type":"if","locations":[{"start":{"line":118,"column":4},"end":{"line":118,"column":35}}]},"15":{"loc":{"start":{"line":118,"column":8},"end":{"line":118,"column":21}},"type":"cond-expr","locations":[{"start":{"line":118,"column":12},"end":{"line":118,"column":14}},{"start":{"line":118,"column":8},"end":{"line":118,"column":21}}]},"16":{"loc":{"start":{"line":118,"column":8},"end":{"line":118,"column":14}},"type":"binary-expr","locations":[{"start":{"line":118,"column":8},"end":{"line":118,"column":14}},{"start":{"line":118,"column":8},"end":{"line":118,"column":14}}]},"17":{"loc":{"start":{"line":156,"column":6},"end":{"line":156,"column":37}},"type":"if","locations":[{"start":{"line":156,"column":6},"end":{"line":156,"column":37}}]},"18":{"loc":{"start":{"line":156,"column":10},"end":{"line":156,"column":23}},"type":"cond-expr","locations":[{"start":{"line":156,"column":14},"end":{"line":156,"column":16}},{"start":{"line":156,"column":10},"end":{"line":156,"column":23}}]},"19":{"loc":{"start":{"line":156,"column":10},"end":{"line":156,"column":16}},"type":"binary-expr","locations":[{"start":{"line":156,"column":10},"end":{"line":156,"column":16}},{"start":{"line":156,"column":10},"end":{"line":156,"column":16}}]},"20":{"loc":{"start":{"line":175,"column":6},"end":{"line":175,"column":37}},"type":"if","locations":[{"start":{"line":175,"column":6},"end":{"line":175,"column":37}}]},"21":{"loc":{"start":{"line":175,"column":10},"end":{"line":175,"column":23}},"type":"cond-expr","locations":[{"start":{"line":175,"column":14},"end":{"line":175,"column":16}},{"start":{"line":175,"column":10},"end":{"line":175,"column":23}}]},"22":{"loc":{"start":{"line":175,"column":10},"end":{"line":175,"column":16}},"type":"binary-expr","locations":[{"start":{"line":175,"column":10},"end":{"line":175,"column":16}},{"start":{"line":175,"column":10},"end":{"line":175,"column":16}}]},"23":{"loc":{"start":{"line":189,"column":6},"end":{"line":189,"column":37}},"type":"if","locations":[{"start":{"line":189,"column":6},"end":{"line":189,"column":37}}]},"24":{"loc":{"start":{"line":189,"column":10},"end":{"line":189,"column":23}},"type":"cond-expr","locations":[{"start":{"line":189,"column":14},"end":{"line":189,"column":16}},{"start":{"line":189,"column":10},"end":{"line":189,"column":23}}]},"25":{"loc":{"start":{"line":189,"column":10},"end":{"line":189,"column":16}},"type":"binary-expr","locations":[{"start":{"line":189,"column":10},"end":{"line":189,"column":16}},{"start":{"line":189,"column":10},"end":{"line":189,"column":16}}]},"26":{"loc":{"start":{"line":203,"column":6},"end":{"line":203,"column":37}},"type":"if","locations":[{"start":{"line":203,"column":6},"end":{"line":203,"column":37}}]},"27":{"loc":{"start":{"line":203,"column":10},"end":{"line":203,"column":23}},"type":"cond-expr","locations":[{"start":{"line":203,"column":14},"end":{"line":203,"column":16}},{"start":{"line":203,"column":10},"end":{"line":203,"column":23}}]},"28":{"loc":{"start":{"line":203,"column":10},"end":{"line":203,"column":16}},"type":"binary-expr","locations":[{"start":{"line":203,"column":10},"end":{"line":203,"column":16}},{"start":{"line":203,"column":10},"end":{"line":203,"column":16}}]}},"s":{"0":2,"1":2,"2":2,"3":0,"4":0,"5":2,"6":0,"7":0,"8":0,"9":0,"10":0,"11":0,"12":0,"13":2,"14":2,"15":0,"16":0,"17":0,"18":0,"19":0,"20":0,"21":0,"22":0,"23":0,"24":0,"25":0,"26":0,"27":0,"28":0,"29":0,"30":2,"31":2,"32":0,"33":0,"34":0,"35":0,"36":0,"37":2,"38":2,"39":0,"40":0,"41":0,"42":0,"43":0,"44":2,"45":2,"46":0,"47":0,"48":0,"49":0,"50":2,"51":2,"52":0,"53":0,"54":0,"55":0,"56":2,"57":2,"58":0,"59":0,"60":2,"61":2,"62":0,"63":0,"64":0,"65":0,"66":0,"67":2,"68":2,"69":0,"70":0,"71":0,"72":0,"73":0,"74":2,"75":2,"76":0,"77":0,"78":0,"79":0,"80":0,"81":2,"82":2,"83":0,"84":0,"85":0,"86":0,"87":0,"88":2,"89":2,"90":0,"91":2,"92":2,"93":0,"94":2,"95":2,"96":0,"97":0,"98":2},"f":{"0":0,"1":0,"2":0,"3":0,"4":0,"5":0,"6":0,"7":0,"8":0,"9":0,"10":0,"11":0,"12":0,"13":0,"14":0,"15":0,"16":0,"17":0,"18":0,"19":0,"20":0,"21":0,"22":0,"23":0,"24":0,"25":0,"26":0,"27":0,"28":0,"29":0,"30":0,"31":0,"32":0,"33":0,"34":0},"b":{"0":[0,0],"1":[0],"2":[0,0,0],"3":[0],"4":[0],"5":[0],"6":[0,0],"7":[0,0],"8":[0],"9":[0,0],"10":[0,0],"11":[0],"12":[0,0],"13":[0,0],"14":[0],"15":[0,0],"16":[0,0],"17":[0],"18":[0,0],"19":[0,0],"20":[0],"21":[0,0],"22":[0,0],"23":[0],"24":[0,0],"25":[0,0],"26":[0],"27":[0,0],"28":[0,0]}}
,"/Users/timofej/Documents/Old documents/Documents/Study/FrontEnd/12/Проектная работа/stellar-burgers/src/utils/cookie.ts": {"path":"/Users/timofej/Documents/Old documents/Documents/Study/FrontEnd/12/Проектная работа/stellar-burgers/src/utils/cookie.ts","statementMap":{"0":{"start":{"line":2,"column":18},"end":{"line":8,"column":null}},"1":{"start":{"line":10,"column":2},"end":{"line":10,"column":62}},"2":{"start":{"line":1,"column":0},"end":{"line":1,"column":16}},"3":{"start":{"line":16,"column":2},"end":{"line":16,"column":null}},"4":{"start":{"line":18,"column":2},"end":{"line":21,"column":4}},"5":{"start":{"line":23,"column":12},"end":{"line":23,"column":25}},"6":{"start":{"line":24,"column":2},"end":{"line":28,"column":3}},"7":{"start":{"line":25,"column":14},"end":{"line":25,"column":24}},"8":{"start":{"line":26,"column":4},"end":{"line":26,"column":40}},"9":{"start":{"line":27,"column":4},"end":{"line":27,"column":28}},"10":{"start":{"line":30,"column":2},"end":{"line":32,"column":3}},"11":{"start":{"line":31,"column":4},"end":{"line":31,"column":38}},"12":{"start":{"line":33,"column":2},"end":{"line":33,"column":36}},"13":{"start":{"line":34,"column":22},"end":{"line":34,"column":40}},"14":{"start":{"line":35,"column":2},"end":{"line":41,"column":3}},"15":{"start":{"line":36,"column":4},"end":{"line":36,"column":37}},"16":{"start":{"line":37,"column":22},"end":{"line":37,"column":37}},"17":{"start":{"line":38,"column":4},"end":{"line":40,"column":5}},"18":{"start":{"line":39,"column":6},"end":{"line":39,"column":39}},"19":{"start":{"line":42,"column":2},"end":{"line":42,"column":34}},"20":{"start":{"line":13,"column":0},"end":{"line":13,"column":16}},"21":{"start":{"line":46,"column":2},"end":{"line":46,"column":39}},"22":{"start":{"line":45,"column":0},"end":{"line":45,"column":16}}},"fnMap":{"0":{"name":"getCookie","decl":{"start":{"line":1,"column":16},"end":{"line":1,"column":25}},"loc":{"start":{"line":1,"column":38},"end":{"line":11,"column":1}}},"1":{"name":"setCookie","decl":{"start":{"line":13,"column":16},"end":{"line":13,"column":25}},"loc":{"start":{"line":16,"column":65},"end":{"line":43,"column":1}}},"2":{"name":"deleteCookie","decl":{"start":{"line":45,"column":16},"end":{"line":45,"column":28}},"loc":{"start":{"line":45,"column":41},"end":{"line":47,"column":1}}}},"branchMap":{"0":{"loc":{"start":{"line":10,"column":9},"end":{"line":10,"column":61}},"type":"cond-expr","locations":[{"start":{"line":10,"column":19},"end":{"line":10,"column":49}},{"start":{"line":10,"column":52},"end":{"line":10,"column":61}}]},"1":{"loc":{"start":{"line":16,"column":2},"end":{"line":16,"column":null}},"type":"if","locations":[{"start":{"line":16,"column":2},"end":{"line":16,"column":null}}]},"2":{"loc":{"start":{"line":24,"column":2},"end":{"line":28,"column":3}},"type":"if","locations":[{"start":{"line":24,"column":2},"end":{"line":28,"column":3}}]},"3":{"loc":{"start":{"line":24,"column":6},"end":{"line":24,"column":36}},"type":"binary-expr","locations":[{"start":{"line":24,"column":6},"end":{"line":24,"column":9}},{"start":{"line":24,"column":13},"end":{"line":24,"column":36}}]},"4":{"loc":{"start":{"line":30,"column":2},"end":{"line":32,"column":3}},"type":"if","locations":[{"start":{"line":30,"column":2},"end":{"line":32,"column":3}}]},"5":{"loc":{"start":{"line":30,"column":6},"end":{"line":30,"column":32}},"type":"binary-expr","locations":[{"start":{"line":30,"column":6},"end":{"line":30,"column":9}},{"start":{"line":30,"column":13},"end":{"line":30,"column":32}}]},"6":{"loc":{"start":{"line":38,"column":4},"end":{"line":40,"column":5}},"type":"if","locations":[{"start":{"line":38,"column":4},"end":{"line":40,"column":5}}]}},"s":{"0":0,"1":0,"2":2,"3":0,"4":0,"5":0,"6":0,"7":0,"8":0,"9":0,"10":0,"11":0,"12":0,"13":0,"14":0,"15":0,"16":0,"17":0,"18":0,"19":0,"20":2,"21":0,"22":2},"f":{"0":0,"1":0,"2":0},"b":{"0":[0,0],"1":[0],"2":[0],"3":[0,0],"4":[0],"5":[0,0],"6":[0]}}
}
