TN:
SF:src/services/rootReducer.ts
FNF:0
FNH:0
DA:1,1
DA:2,1
DA:3,1
DA:4,1
DA:5,1
DA:6,1
DA:7,1
DA:9,1
LF:8
LH:8
BRF:0
BRH:0
end_of_record
TN:
SF:src/services/slices/authSlice.ts
FN:31,(anonymous_13)
FN:36,(anonymous_14)
FN:50,(anonymous_17)
FN:64,(anonymous_20)
FN:81,(anonymous_23)
FN:93,(anonymous_26)
FN:108,(anonymous_29)
FN:110,(anonymous_30)
FN:114,(anonymous_31)
FN:120,(anonymous_32)
FN:126,(anonymous_33)
FN:130,(anonymous_34)
FN:136,(anonymous_35)
FN:142,(anonymous_36)
FN:146,(anonymous_37)
FN:152,(anonymous_38)
FN:160,(anonymous_39)
FN:164,(anonymous_40)
FN:168,(anonymous_41)
FN:173,(anonymous_42)
FN:177,(anonymous_43)
FN:183,(anonymous_44)
FN:192,(anonymous_45)
FN:193,(anonymous_46)
FN:195,(anonymous_47)
FN:197,(anonymous_48)
FN:198,(anonymous_49)
FNF:27
FNH:1
FNDA:0,(anonymous_13)
FNDA:0,(anonymous_14)
FNDA:0,(anonymous_17)
FNDA:0,(anonymous_20)
FNDA:0,(anonymous_23)
FNDA:0,(anonymous_26)
FNDA:1,(anonymous_29)
FNDA:0,(anonymous_30)
FNDA:0,(anonymous_31)
FNDA:0,(anonymous_32)
FNDA:0,(anonymous_33)
FNDA:0,(anonymous_34)
FNDA:0,(anonymous_35)
FNDA:0,(anonymous_36)
FNDA:0,(anonymous_37)
FNDA:0,(anonymous_38)
FNDA:0,(anonymous_39)
FNDA:0,(anonymous_40)
FNDA:0,(anonymous_41)
FNDA:0,(anonymous_42)
FNDA:0,(anonymous_43)
FNDA:0,(anonymous_44)
FNDA:0,(anonymous_45)
FNDA:0,(anonymous_46)
FNDA:0,(anonymous_47)
FNDA:0,(anonymous_48)
FNDA:0,(anonymous_49)
DA:1,1
DA:2,1
DA:11,1
DA:23,1
DA:31,1
DA:32,0
DA:34,1
DA:36,0
DA:38,0
DA:39,0
DA:40,0
DA:41,0
DA:43,0
DA:48,1
DA:50,0
DA:52,0
DA:53,0
DA:54,0
DA:55,0
DA:57,0
DA:62,1
DA:64,0
DA:66,0
DA:67,0
DA:69,0
DA:70,0
DA:72,0
DA:79,1
DA:81,0
DA:83,0
DA:84,0
DA:86,0
DA:91,1
DA:93,0
DA:95,0
DA:96,0
DA:97,0
DA:99,0
DA:104,1
DA:109,1
DA:111,0
DA:112,0
DA:115,0
DA:116,0
DA:117,0
DA:118,0
DA:121,0
DA:122,0
DA:123,0
DA:127,0
DA:128,0
DA:131,0
DA:132,0
DA:133,0
DA:134,0
DA:137,0
DA:138,0
DA:139,0
DA:143,0
DA:144,0
DA:147,0
DA:148,0
DA:149,0
DA:150,0
DA:153,0
DA:154,0
DA:155,0
DA:156,0
DA:157,0
DA:161,0
DA:162,0
DA:165,0
DA:166,0
DA:169,0
DA:170,0
DA:174,0
DA:175,0
DA:178,0
DA:179,0
DA:180,0
DA:181,0
DA:184,0
DA:185,0
DA:190,1
DA:192,1
DA:193,1
DA:194,0
DA:195,1
DA:196,0
DA:197,1
DA:198,1
LF:91
LH:18
BRDA:32,0,0,0
BRDA:32,0,1,0
BRDA:66,1,0,0
BRDA:66,2,0,0
BRDA:66,2,1,0
BRDA:122,3,0,0
BRDA:122,3,1,0
BRDA:138,4,0,0
BRDA:138,4,1,0
BRDA:157,5,0,0
BRDA:157,5,1,0
BRDA:170,6,0,0
BRDA:170,6,1,0
BRDA:185,7,0,0
BRDA:185,7,1,0
BRF:15
BRH:0
end_of_record
TN:
SF:src/services/slices/constructorSlice.ts
FN:21,(anonymous_2)
FN:32,(anonymous_3)
FN:34,(anonymous_4)
FN:37,(anonymous_5)
FN:45,(anonymous_6)
FN:53,(anonymous_7)
FN:69,(anonymous_8)
FNF:7
FNH:5
FNDA:7,(anonymous_2)
FNDA:1,(anonymous_3)
FNDA:1,(anonymous_4)
FNDA:0,(anonymous_5)
FNDA:1,(anonymous_6)
FNDA:1,(anonymous_7)
FNDA:0,(anonymous_8)
DA:1,2
DA:2,2
DA:12,2
DA:17,2
DA:22,7
DA:23,2
DA:24,2
DA:27,5
DA:33,1
DA:34,1
DA:38,0
DA:39,0
DA:41,0
DA:42,0
DA:43,0
DA:46,1
DA:47,1
DA:49,1
DA:50,1
DA:51,1
DA:54,1
DA:55,1
DA:60,2
DA:62,2
DA:69,2
DA:70,0
LF:26
LH:20
BRDA:22,0,0,2
BRDA:39,1,0,0
BRDA:39,2,0,0
BRDA:39,2,1,0
BRDA:47,3,0,0
BRDA:47,4,0,1
BRDA:47,4,1,1
BRDA:70,5,0,0
BRDA:70,5,1,0
BRDA:70,6,0,0
BRDA:70,6,1,0
BRF:11
BRH:3
end_of_record
TN:
SF:src/services/slices/feedSlice.ts
FN:22,(anonymous_13)
FN:31,(anonymous_16)
FN:33,(anonymous_17)
FN:37,(anonymous_18)
FN:43,(anonymous_19)
FN:52,(anonymous_20)
FN:53,(anonymous_21)
FN:54,(anonymous_22)
FN:55,(anonymous_23)
FNF:9
FNH:1
FNDA:0,(anonymous_13)
FNDA:1,(anonymous_16)
FNDA:0,(anonymous_17)
FNDA:0,(anonymous_18)
FNDA:0,(anonymous_19)
FNDA:0,(anonymous_20)
FNDA:0,(anonymous_21)
FNDA:0,(anonymous_22)
FNDA:0,(anonymous_23)
DA:1,1
DA:2,1
DA:14,1
DA:22,1
DA:23,0
DA:24,0
DA:27,1
DA:32,1
DA:34,0
DA:35,0
DA:38,0
DA:39,0
DA:40,0
DA:41,0
DA:44,0
DA:45,0
DA:50,1
DA:52,1
DA:53,1
DA:54,1
DA:55,1
LF:21
LH:11
BRDA:23,0,0,0
BRDA:45,1,0,0
BRDA:45,1,1,0
BRF:3
BRH:0
end_of_record
TN:
SF:src/services/slices/ingredientsSlice.ts
FN:20,(anonymous_13)
FN:27,(anonymous_16)
FN:29,(anonymous_17)
FN:33,(anonymous_18)
FN:37,(anonymous_19)
FN:46,(anonymous_20)
FN:47,(anonymous_21)
FNF:7
FNH:4
FNDA:0,(anonymous_13)
FNDA:2,(anonymous_16)
FNDA:1,(anonymous_17)
FNDA:1,(anonymous_18)
FNDA:1,(anonymous_19)
FNDA:0,(anonymous_20)
FNDA:0,(anonymous_21)
DA:1,2
DA:2,2
DA:12,2
DA:18,2
DA:20,0
DA:23,2
DA:28,2
DA:30,1
DA:31,1
DA:34,1
DA:35,1
DA:38,1
DA:39,1
DA:44,2
DA:46,2
DA:47,2
DA:48,0
LF:17
LH:15
BRDA:20,0,0,0
BRDA:20,0,1,0
BRDA:39,1,0,1
BRDA:39,1,1,0
BRF:4
BRH:1
end_of_record
TN:
SF:src/services/slices/orderSlice.ts
FN:22,(anonymous_13)
FN:27,(anonymous_14)
FN:39,(anonymous_17)
FN:56,(anonymous_20)
FN:61,(anonymous_21)
FN:63,(anonymous_22)
FN:67,(anonymous_23)
FN:71,(anonymous_24)
FN:76,(anonymous_25)
FN:80,(anonymous_26)
FN:84,(anonymous_27)
FN:94,(anonymous_28)
FN:96,(anonymous_29)
FN:98,(anonymous_30)
FN:100,(anonymous_31)
FNF:15
FNH:1
FNDA:0,(anonymous_13)
FNDA:0,(anonymous_14)
FNDA:0,(anonymous_17)
FNDA:0,(anonymous_20)
FNDA:1,(anonymous_21)
FNDA:0,(anonymous_22)
FNDA:0,(anonymous_23)
FNDA:0,(anonymous_24)
FNDA:0,(anonymous_25)
FNDA:0,(anonymous_26)
FNDA:0,(anonymous_27)
FNDA:0,(anonymous_28)
FNDA:0,(anonymous_29)
FNDA:0,(anonymous_30)
FNDA:0,(anonymous_31)
DA:1,1
DA:2,1
DA:14,1
DA:22,1
DA:23,0
DA:25,1
DA:27,0
DA:29,0
DA:30,0
DA:32,0
DA:37,1
DA:39,0
DA:41,0
DA:42,0
DA:43,0
DA:45,0
DA:47,0
DA:52,1
DA:57,0
DA:58,0
DA:62,1
DA:64,0
DA:65,0
DA:68,0
DA:69,0
DA:72,0
DA:73,0
DA:77,0
DA:78,0
DA:81,0
DA:82,0
DA:85,0
DA:86,0
DA:91,1
DA:92,1
DA:94,1
DA:95,0
DA:96,1
DA:97,0
DA:98,1
DA:99,0
DA:100,1
DA:101,0
LF:43
LH:14
BRDA:23,0,0,0
BRDA:23,0,1,0
BRDA:42,1,0,0
BRDA:73,2,0,0
BRDA:73,2,1,0
BRDA:86,3,0,0
BRDA:86,3,1,0
BRF:7
BRH:0
end_of_record
TN:
SF:src/services/slices/profileOrdersSlice.ts
FN:20,(anonymous_13)
FN:27,(anonymous_16)
FN:29,(anonymous_17)
FN:33,(anonymous_18)
FN:37,(anonymous_19)
FN:47,(anonymous_20)
FN:49,(anonymous_21)
FNF:7
FNH:1
FNDA:0,(anonymous_13)
FNDA:1,(anonymous_16)
FNDA:0,(anonymous_17)
FNDA:0,(anonymous_18)
FNDA:0,(anonymous_19)
FNDA:0,(anonymous_20)
FNDA:0,(anonymous_21)
DA:1,1
DA:2,1
DA:12,1
DA:18,1
DA:20,0
DA:23,1
DA:28,1
DA:30,0
DA:31,0
DA:34,0
DA:35,0
DA:38,0
DA:39,0
DA:45,1
DA:47,1
DA:48,0
DA:49,1
DA:50,0
LF:18
LH:9
BRDA:20,0,0,0
BRDA:20,0,1,0
BRDA:40,1,0,0
BRDA:40,1,1,0
BRF:4
BRH:0
end_of_record
TN:
SF:src/utils/burger-api.ts
FN:6,(anonymous_13)
FN:7,(anonymous_14)
FN:18,(anonymous_15)
FN:28,(anonymous_16)
FN:29,(anonymous_17)
FN:38,(anonymous_18)
FN:40,(anonymous_19)
FN:74,(anonymous_21)
FN:76,(anonymous_22)
FN:77,(anonymous_23)
FN:82,(anonymous_24)
FN:84,(anonymous_25)
FN:85,(anonymous_26)
FN:90,(anonymous_27)
FN:97,(anonymous_28)
FN:107,(anonymous_29)
FN:117,(anonymous_30)
FN:126,(anonymous_31)
FN:132,(anonymous_32)
FN:146,(anonymous_33)
FN:154,(anonymous_34)
FN:155,(anonymous_35)
FN:165,(anonymous_36)
FN:173,(anonymous_37)
FN:174,(anonymous_38)
FN:179,(anonymous_39)
FN:187,(anonymous_40)
FN:188,(anonymous_41)
FN:193,(anonymous_42)
FN:201,(anonymous_43)
FN:202,(anonymous_44)
FN:209,(anonymous_45)
FN:216,(anonymous_46)
FN:226,(anonymous_47)
FN:235,(anonymous_48)
FNF:35
FNH:0
FNDA:0,(anonymous_13)
FNDA:0,(anonymous_14)
FNDA:0,(anonymous_15)
FNDA:0,(anonymous_16)
FNDA:0,(anonymous_17)
FNDA:0,(anonymous_18)
FNDA:0,(anonymous_19)
FNDA:0,(anonymous_21)
FNDA:0,(anonymous_22)
FNDA:0,(anonymous_23)
FNDA:0,(anonymous_24)
FNDA:0,(anonymous_25)
FNDA:0,(anonymous_26)
FNDA:0,(anonymous_27)
FNDA:0,(anonymous_28)
FNDA:0,(anonymous_29)
FNDA:0,(anonymous_30)
FNDA:0,(anonymous_31)
FNDA:0,(anonymous_32)
FNDA:0,(anonymous_33)
FNDA:0,(anonymous_34)
FNDA:0,(anonymous_35)
FNDA:0,(anonymous_36)
FNDA:0,(anonymous_37)
FNDA:0,(anonymous_38)
FNDA:0,(anonymous_39)
FNDA:0,(anonymous_40)
FNDA:0,(anonymous_41)
FNDA:0,(anonymous_42)
FNDA:0,(anonymous_43)
FNDA:0,(anonymous_44)
FNDA:0,(anonymous_45)
FNDA:0,(anonymous_46)
FNDA:0,(anonymous_47)
FNDA:0,(anonymous_48)
DA:1,2
DA:4,2
DA:6,2
DA:7,0
DA:18,2
DA:19,0
DA:28,0
DA:30,0
DA:31,0
DA:33,0
DA:34,0
DA:35,0
DA:38,2
DA:40,0
DA:43,0
DA:44,0
DA:46,0
DA:47,0
DA:48,0
DA:49,0
DA:52,0
DA:53,0
DA:55,0
DA:74,2
DA:75,0
DA:76,0
DA:78,0
DA:79,0
DA:82,2
DA:83,0
DA:84,0
DA:86,0
DA:87,0
DA:90,2
DA:91,0
DA:98,0
DA:99,0
DA:107,2
DA:108,0
DA:118,0
DA:119,0
DA:126,2
DA:127,0
DA:132,0
DA:146,2
DA:147,0
DA:154,0
DA:156,0
DA:157,0
DA:165,2
DA:166,0
DA:173,0
DA:175,0
DA:176,0
DA:179,2
DA:180,0
DA:187,0
DA:189,0
DA:190,0
DA:193,2
DA:194,0
DA:201,0
DA:203,0
DA:204,0
DA:209,2
DA:210,0
DA:216,2
DA:217,0
DA:226,2
DA:227,0
DA:235,0
LF:71
LH:17
BRDA:7,0,0,0
BRDA:7,0,1,0
BRDA:30,1,0,0
BRDA:44,2,0,0
BRDA:44,2,1,0
BRDA:44,2,2,0
BRDA:46,3,0,0
BRDA:48,4,0,0
BRDA:78,5,0,0
BRDA:78,6,0,0
BRDA:78,6,1,0
BRDA:78,7,0,0
BRDA:78,7,1,0
BRDA:86,8,0,0
BRDA:86,9,0,0
BRDA:86,9,1,0
BRDA:86,10,0,0
BRDA:86,10,1,0
BRDA:98,11,0,0
BRDA:98,12,0,0
BRDA:98,12,1,0
BRDA:98,13,0,0
BRDA:98,13,1,0
BRDA:118,14,0,0
BRDA:118,15,0,0
BRDA:118,15,1,0
BRDA:118,16,0,0
BRDA:118,16,1,0
BRDA:156,17,0,0
BRDA:156,18,0,0
BRDA:156,18,1,0
BRDA:156,19,0,0
BRDA:156,19,1,0
BRDA:175,20,0,0
BRDA:175,21,0,0
BRDA:175,21,1,0
BRDA:175,22,0,0
BRDA:175,22,1,0
BRDA:189,23,0,0
BRDA:189,24,0,0
BRDA:189,24,1,0
BRDA:189,25,0,0
BRDA:189,25,1,0
BRDA:203,26,0,0
BRDA:203,27,0,0
BRDA:203,27,1,0
BRDA:203,28,0,0
BRDA:203,28,1,0
BRF:48
BRH:0
end_of_record
TN:
SF:src/utils/cookie.ts
FN:1,getCookie
FN:13,setCookie
FN:45,deleteCookie
FNF:3
FNH:0
FNDA:0,getCookie
FNDA:0,setCookie
FNDA:0,deleteCookie
DA:1,2
DA:2,0
DA:10,0
DA:13,2
DA:16,0
DA:18,0
DA:23,0
DA:24,0
DA:25,0
DA:26,0
DA:27,0
DA:30,0
DA:31,0
DA:33,0
DA:34,0
DA:35,0
DA:36,0
DA:37,0
DA:38,0
DA:39,0
DA:42,0
DA:45,2
DA:46,0
LF:23
LH:3
BRDA:10,0,0,0
BRDA:10,0,1,0
BRDA:16,1,0,0
BRDA:24,2,0,0
BRDA:24,3,0,0
BRDA:24,3,1,0
BRDA:30,4,0,0
BRDA:30,5,0,0
BRDA:30,5,1,0
BRDA:38,6,0,0
BRF:10
BRH:0
end_of_record
